Sentinel-2 Level 2A Processor (Sen2Cor). Version: 2.8.0, created: 2019.02.20, supporting Level-1C product version 14.2 - 14.5 started ...
Product version: 14.5
Operation mode: TOOLBOX
Processing baseline: 99.99
Progress[%]:  0.00 : Generating datastrip metadata
L1C datastrip found, L2A datastrip successfully generated
Selected resolution: 20 m
Progress[%]: 0.15 : PID-13698, L2A_ProcessTile: processing with resolution 20 m, elapsed time[s]: 1.520, total: 0:00:07.280690
Progress[%]: 0.15 : PID-13698, L2A_ProcessTile: start of pre processing, elapsed time[s]: 0.000, total: 0:00:07.281104
Progress[%]: 0.15 : PID-13698, L2A_Tables: start import, elapsed time[s]: 0.061, total: 0:00:07.342153
Progress[%]: 0.25 : PID-13698, L2A_Tables: band B01 imported, elapsed time[s]: 0.993, total: 0:00:08.335227
Progress[%]: 1.27 : PID-13698, L2A_Tables: band B02 imported, elapsed time[s]: 10.550, total: 0:00:18.885696
Progress[%]: 2.32 : PID-13698, L2A_Tables: band B03 imported, elapsed time[s]: 10.786, total: 0:00:29.671971
Progress[%]: 3.40 : PID-13698, L2A_Tables: band B04 imported, elapsed time[s]: 11.148, total: 0:00:40.819916
Progress[%]: 3.86 : PID-13698, L2A_Tables: band B05 imported, elapsed time[s]: 4.689, total: 0:00:45.508522
Progress[%]: 4.31 : PID-13698, L2A_Tables: band B06 imported, elapsed time[s]: 4.653, total: 0:00:50.161587
Progress[%]: 4.76 : PID-13698, L2A_Tables: band B07 imported, elapsed time[s]: 4.619, total: 0:00:54.780689
Progress[%]: 5.21 : PID-13698, L2A_Tables: band B8A imported, elapsed time[s]: 4.612, total: 0:00:59.392960
Progress[%]: 5.29 : PID-13698, L2A_Tables: band B09 imported, elapsed time[s]: 0.858, total: 0:01:00.250648
Progress[%]: 5.34 : PID-13698, L2A_Tables: band B10 imported, elapsed time[s]: 0.505, total: 0:01:00.755376
Progress[%]: 5.79 : PID-13698, L2A_Tables: band B11 imported, elapsed time[s]: 4.611, total: 0:01:05.366558
Progress[%]: 6.25 : PID-13698, L2A_Tables: band B12 imported, elapsed time[s]: 4.711, total: 0:01:10.077271
Progress[%]: 6.25 : PID-13698, L2A_ProcessTile: start of Scene Classification, elapsed time[s]: 0.006, total: 0:01:10.083230
Progress[%]: 6.27 : PID-13698, L2A_Tables: band B02 must be resampled, elapsed time[s]: 0.251, total: 0:01:10.334465
Progress[%]: 6.61 : PID-13698, Pre process   , elapsed time[s]: 3.473, total: 0:01:13.807251
Progress[%]: 6.61 : PID-13698, L2A_Tables: band B01 must be resampled, elapsed time[s]: 0.009, total: 0:01:13.816558
Progress[%]: 7.11 : PID-13698, L2A_Tables: band B03 must be resampled, elapsed time[s]: 5.164, total: 0:01:18.980265
Progress[%]: 7.41 : PID-13698, L2A_Tables: band B04 must be resampled, elapsed time[s]: 3.115, total: 0:01:22.095702
Progress[%]: 7.81 : PID-13698, L2A_Tables: band B09 must be resampled, elapsed time[s]: 4.075, total: 0:01:26.170805
Progress[%]: 8.04 : PID-13698, L2A_Tables: band B10 must be resampled, elapsed time[s]: 2.417, total: 0:01:28.587588
Progress[%]: 8.32 : PID-13698, L2A_SC init   , elapsed time[s]: 2.826, total: 0:01:31.413177
Progress[%]: 8.45 : PID-13698, L2A_CSND_1_1  , elapsed time[s]: 1.348, total: 0:01:32.761097
Progress[%]: 8.60 : PID-13698, L2A_CSND_1_2  , elapsed time[s]: 1.539, total: 0:01:34.300585
Progress[%]: 8.66 : PID-13698, L2A_CSND_2_0  , elapsed time[s]: 0.687, total: 0:01:34.987619
Progress[%]: 8.80 : PID-13698, L2A_CSND_2_1  , elapsed time[s]: 1.348, total: 0:01:36.335876
Progress[%]: 8.87 : PID-13698, L2A_CSND_2_1_2, elapsed time[s]: 0.734, total: 0:01:37.070127
Progress[%]: 8.92 : PID-13698, L2A_CSND_2_2  , elapsed time[s]: 0.565, total: 0:01:37.635149
Progress[%]: 9.00 : PID-13698, L2A_CSND_2_3  , elapsed time[s]: 0.773, total: 0:01:38.407886
Progress[%]: 9.13 : PID-13698, L2A_CSND_2_4  , elapsed time[s]: 1.397, total: 0:01:39.805306
Progress[%]: 9.37 : PID-13698, L2A_CSND_2_5  , elapsed time[s]: 2.422, total: 0:01:42.226872
Progress[%]: 9.37 : PID-13698, L2A_SnowPostProcessingCCI  , elapsed time[s]: 0.002, total: 0:01:42.228409
Progress[%]: 9.61 : PID-13698, L2A_CSND_3    , elapsed time[s]: 2.499, total: 0:01:44.727299
Progress[%]: 9.81 : PID-13698, L2A_CSND_5_1  , elapsed time[s]: 2.070, total: 0:01:46.797205
Progress[%]: 10.09 : PID-13698, L2A_CSND_5_2  , elapsed time[s]: 2.921, total: 0:01:49.718023
Progress[%]: 10.31 : PID-13698, L2A_CSND_6    , elapsed time[s]: 2.210, total: 0:01:51.928508
Progress[%]: 10.45 : PID-13698, L2A_CSND_6_2  , elapsed time[s]: 1.420, total: 0:01:53.348422
Progress[%]: 10.59 : PID-13698, L2A_CSND_7    , elapsed time[s]: 1.470, total: 0:01:54.818669
Progress[%]: 16.04 : PID-13698, L2A_SHD       , elapsed time[s]: 56.136, total: 0:02:50.954585
Progress[%]: 16.22 : PID-13698, DV recovery   , elapsed time[s]: 1.884, total: 0:02:52.838331
Progress[%]: 16.39 : PID-13698, WP recovery   , elapsed time[s]: 1.735, total: 0:02:54.573134
Progress[%]: 16.39 : PID-13698, WP recovery with CCI Water Bodies at 150m  , elapsed time[s]: 0.002, total: 0:02:54.574799
Progress[%]: 16.66 : PID-13698, Snow recovery , elapsed time[s]: 2.723, total: 0:02:57.297937
Progress[%]: 16.74 : PID-13698, Soil recovery , elapsed time[s]: 0.906, total: 0:02:58.203854
Progress[%]: 16.74 : PID-13698, Land recovery with B10, B09 and B8A , elapsed time[s]: 0.002, total: 0:02:58.205560
Progress[%]: 16.74 : PID-13698, Cirrus recovery with B10 , elapsed time[s]: 0.001, total: 0:02:58.207056
Progress[%]: 16.75 : PID-13698, Urban and Bare pixel recovery with CCI Land Cover Map at 300 m , elapsed time[s]: 0.001, total: 0:02:58.208374
Progress[%]: 16.75 : PID-13698, Post process  , elapsed time[s]: 0.000, total: 0:02:58.208694
Progress[%]: 17.13 : PID-13698, L2A_ProcessTile: start of Atmospheric Correction, elapsed time[s]: 3.919, total: 0:03:02.127952
Progress[%]: 17.30 : PID-13698, L2A_AtmCorr: end of calculation terrain maps, elapsed time[s]: 1.806, total: 0:03:03.934378
Progress[%]: 17.30 : PID-13698, L2A_AtmCorr: start of AOT retrieval at 550nm, elapsed time[s]: 0.001, total: 0:03:03.935239
Progress[%]: 18.00 : PID-13698, L2A_AtmCorr: end of internal classification, elapsed time[s]: 7.246, total: 0:03:11.180949
Progress[%]: 18.07 : PID-13698, L2A_AtmCorr: end of interpolation LUTs, elapsed time[s]: 0.650, total: 0:03:11.830776
Progress[%]: 20.21 : PID-13698, L2A_AtmCorr: end retrieving reference pixels for dark areas, elapsed time[s]: 22.058, total: 0:03:33.888636
Progress[%]: 20.21 : PID-13698, L2A_AtmCorr: end of check for negative reflectance pixels, elapsed time[s]: 0.006, total: 0:03:33.894343
Progress[%]: 20.56 : PID-13698, L2A_AtmCorr: the rescaling of path radiance in blue band has been disabled by configuration, elapsed time[s]: 3.556, total: 0:03:37.450018
Progress[%]: 25.37 : PID-13698, L2A_AtmCorr: end of visibility index calculation, elapsed time[s]: 49.626, total: 0:04:27.076427
Progress[%]: 25.37 : PID-13698, L2A_AtmCorr: end of AOT retrieval at 550nm, elapsed time[s]: 0.001, total: 0:04:27.077001
Progress[%]: 25.37 : PID-13698, L2A_AtmCorr: start of water vapour retrieval, elapsed time[s]: 0.002, total: 0:04:27.078745
Progress[%]: 25.47 : PID-13698, L2A_AtmCorr: end of water vapour retrieval preparation, elapsed time[s]: 1.030, total: 0:04:28.108889
Progress[%]: 43.29 : PID-13698, L2A_AtmCorr: end of water vapour retrieval, elapsed time[s]: 183.470, total: 0:07:31.579223
Progress[%]: 43.29 : PID-13698, L2A_AtmCorr: preparation of surface reflectance retrieval, elapsed time[s]: 0.000, total: 0:07:31.579680
Progress[%]: 43.84 : PID-13698, L2A_AtmCorr: end of surface reflectance retrieval preparation, elapsed time[s]: 5.641, total: 0:07:37.221093
Progress[%]: 43.84 : PID-13698, L2A_AtmCorr: start of surface reflectance retrieval, elapsed time[s]: 0.000, total: 0:07:37.221535
Progress[%]: 57.61 : PID-13698, L2A_AtmCorr: end of surface reflectance retrieval, elapsed time[s]: 141.796, total: 0:09:59.017648
Progress[%]: 57.62 : PID-13698, L2A_AtmCorr: start of rho retrieval step 2, elapsed time[s]: 0.150, total: 0:09:59.167906
Progress[%]: 64.09 : PID-13698, L2A_AtmCorr: end of rho retrieval step 2, elapsed time[s]: 66.570, total: 0:11:05.737717
Progress[%]: 64.09 : PID-13698, L2A_ProcessTile: start of post processing, elapsed time[s]: 0.025, total: 0:11:05.762991
Progress[%]: 64.09 : PID-13698, L2A_Tables: start export for 20 m resolution, elapsed time[s]: 0.001, total: 0:11:05.763611
Progress[%]: 65.08 : PID-13698, L2A_Tables: band B02 exported, elapsed time[s]: 10.241, total: 0:11:16.004843
Progress[%]: 66.10 : PID-13698, L2A_Tables: band B03 exported, elapsed time[s]: 10.520, total: 0:11:26.524888
Progress[%]: 67.16 : PID-13698, L2A_Tables: band B04 exported, elapsed time[s]: 10.826, total: 0:11:37.351155
Progress[%]: 68.20 : PID-13698, L2A_Tables: band B05 exported, elapsed time[s]: 10.759, total: 0:11:48.110349
Progress[%]: 69.30 : PID-13698, L2A_Tables: band B06 exported, elapsed time[s]: 11.286, total: 0:11:59.396695
Progress[%]: 70.42 : PID-13698, L2A_Tables: band B07 exported, elapsed time[s]: 11.543, total: 0:12:10.939597
Progress[%]: 71.54 : PID-13698, L2A_Tables: band B8A exported, elapsed time[s]: 11.579, total: 0:12:22.518344
Progress[%]: 72.60 : PID-13698, L2A_Tables: band B11 exported, elapsed time[s]: 10.952, total: 0:12:33.470617
Progress[%]: 73.66 : PID-13698, L2A_Tables: band B12 exported, elapsed time[s]: 10.839, total: 0:12:44.309438
Progress[%]: 73.80 : PID-13698, L2A_Tables: band SCL exported, elapsed time[s]: 1.501, total: 0:12:45.810682
Progress[%]: 73.88 : PID-13698, L2A_Tables: band SNW exported, elapsed time[s]: 0.790, total: 0:12:46.601144
Progress[%]: 74.01 : PID-13698, L2A_Tables: band CLD exported, elapsed time[s]: 1.308, total: 0:12:47.909482
Progress[%]: 74.10 : PID-13698, L2A_Tables: band AOT exported, elapsed time[s]: 0.976, total: 0:12:48.884986
Progress[%]: 75.11 : PID-13698, L2A_Tables: band WVP exported, elapsed time[s]: 10.372, total: 0:12:59.257134
Progress[%]: 75.18 : PID-13698, L2A_Tables: band VIS exported, elapsed time[s]: 0.783, total: 0:13:00.040474
Progress[%]: 75.21 : PID-13698, L2A_Tables: band PVI exported, elapsed time[s]: 0.313, total: 0:13:00.353513
Progress[%]: 77.23 : PID-13698, L2A_Tables: band TCI exported, elapsed time[s]: 20.797, total: 0:13:21.150308
Progress[%]: 77.23 : PID-13698, L2A_Tables: stop export, elapsed time[s]: 0.007, total: 0:13:21.157352
Progress[%]: 77.24 : PID-13698, L2A_Tables: preparing downsampled export for 60 m resolution, elapsed time[s]: 0.006, total: 0:13:21.163313
Progress[%]: 77.24 : PID-13698, L2A_Tables: start export for 60 m resolution, elapsed time[s]: 0.001, total: 0:13:21.164747
Progress[%]: 77.41 : PID-13698, L2A_Tables: band B01 exported, elapsed time[s]: 1.765, total: 0:13:22.929411
Progress[%]: 77.60 : PID-13698, L2A_Tables: band B02 exported, elapsed time[s]: 1.951, total: 0:13:24.880672
Progress[%]: 77.79 : PID-13698, L2A_Tables: band B03 exported, elapsed time[s]: 1.982, total: 0:13:26.862672
Progress[%]: 77.99 : PID-13698, L2A_Tables: band B04 exported, elapsed time[s]: 2.062, total: 0:13:28.924629
Progress[%]: 78.19 : PID-13698, L2A_Tables: band B05 exported, elapsed time[s]: 2.065, total: 0:13:30.989374
Progress[%]: 78.39 : PID-13698, L2A_Tables: band B06 exported, elapsed time[s]: 2.101, total: 0:13:33.090585
Progress[%]: 78.61 : PID-13698, L2A_Tables: band B07 exported, elapsed time[s]: 2.256, total: 0:13:35.346304
Progress[%]: 78.85 : PID-13698, L2A_Tables: band B8A exported, elapsed time[s]: 2.463, total: 0:13:37.809353
Progress[%]: 79.08 : PID-13698, L2A_Tables: band B09 exported, elapsed time[s]: 2.325, total: 0:13:40.134165
Progress[%]: 79.31 : PID-13698, L2A_Tables: band B11 exported, elapsed time[s]: 2.380, total: 0:13:42.514162
Progress[%]: 79.52 : PID-13698, L2A_Tables: band B12 exported, elapsed time[s]: 2.161, total: 0:13:44.675451
Progress[%]: 79.52 : PID-13698, L2A_Tables: band DEM must be resampled, elapsed time[s]: 0.002, total: 0:13:44.677139
Progress[%]: 79.78 : PID-13698, L2A_Tables: band SCL exported, elapsed time[s]: 2.639, total: 0:13:47.315755
Progress[%]: 79.83 : PID-13698, L2A_Tables: band SNW exported, elapsed time[s]: 0.582, total: 0:13:47.898075
Progress[%]: 79.90 : PID-13698, L2A_Tables: band CLD exported, elapsed time[s]: 0.670, total: 0:13:48.567764
Progress[%]: 79.96 : PID-13698, L2A_Tables: band AOT exported, elapsed time[s]: 0.700, total: 0:13:49.267657
Progress[%]: 80.15 : PID-13698, L2A_Tables: band WVP exported, elapsed time[s]: 1.959, total: 0:13:51.226784
Progress[%]: 80.16 : PID-13698, L2A_Tables: band DDV must be resampled, elapsed time[s]: 0.004, total: 0:13:51.230677
Progress[%]: 80.16 : PID-13698, L2A_Tables: band TCI must be resampled, elapsed time[s]: 0.006, total: 0:13:51.236854
Progress[%]: 80.45 : PID-13698, L2A_Tables: band TCI exported, elapsed time[s]: 2.985, total: 0:13:54.221959
Progress[%]: 100.00 : Application terminated successfully.

